2018-12-21 10:50:50: 2000 0
2018-12-21 10:50:50: 0 ("50001", "ch0", "D:/mp3654")
2018-12-21 10:50:50: QProcess::ProcessState(NotRunning)
2018-12-21 10:50:50: 0 ("50011", "ch1", "D:/mp3654")
2018-12-21 10:50:50: QProcess::ProcessState(NotRunning)
2018-12-21 10:50:50: 0 ("50021", "ch2", "D:/mp3654")
2018-12-21 10:50:50: QProcess::ProcessState(NotRunning)
2018-12-21 10:50:50: 0 ("50031", "ch3", "D:/mp3654")
2018-12-21 10:50:50: QProcess::ProcessState(NotRunning)
2018-12-21 10:50:50: 0 ("50041", "ch4", "D:/mp3654")
2018-12-21 10:50:50: QProcess::ProcessState(NotRunning)
2018-12-21 10:50:50: 0 ("50051", "ch5", "D:/mp3654")
2018-12-21 10:50:50: QProcess::ProcessState(NotRunning)
2018-12-21 10:50:50: 0 ("50061", "ch6", "D:/mp3654")
2018-12-21 10:50:50: QProcess::ProcessState(NotRunning)
2018-12-21 10:50:50: 0 ("50071", "ch7", "D:/mp3654")
2018-12-21 10:50:50: QProcess::ProcessState(NotRunning)
2018-12-21 10:50:50: 0 ("50081", "ch8", "D:/mp3654")
2018-12-21 10:50:50: QProcess::ProcessState(NotRunning)
2018-12-21 10:50:50: 0 ("50091", "ch9", "D:/mp3654")
2018-12-21 10:50:50: QProcess::ProcessState(NotRunning)
2018-12-21 10:50:50: 0 ("50101", "ch10", "D:/mp3654")
2018-12-21 10:50:50: QProcess::ProcessState(NotRunning)
2018-12-21 10:50:51: 0 ("50111", "ch11", "D:/mp3654")
2018-12-21 10:50:51: QProcess::ProcessState(NotRunning)
2018-12-21 10:50:51: 0 ("50121", "ch12", "D:/mp3654")
2018-12-21 10:50:51: QProcess::ProcessState(NotRunning)
2018-12-21 10:50:51: 0 ("50131", "ch13", "D:/mp3654")
2018-12-21 10:50:51: QProcess::ProcessState(NotRunning)
2018-12-21 10:50:51: 0 ("50141", "ch14", "D:/mp3654")
2018-12-21 10:50:51: QProcess::ProcessState(NotRunning)
2018-12-21 10:50:51: 0 ("50151", "ch15", "D:/mp3654")
2018-12-21 10:50:51: QProcess::ProcessState(NotRunning)
2018-12-21 10:50:51: 0 ("50161", "ch16", "D:/mp3654")
2018-12-21 10:50:51: QProcess::ProcessState(NotRunning)
2018-12-21 10:50:51: 0 ("50171", "ch17", "D:/mp3654")
2018-12-21 10:50:51: QProcess::ProcessState(NotRunning)
2018-12-21 11:01:35: 2000 0
2018-12-21 11:01:35: 0 ("50001", "ch0", "D:/mp3654")
2018-12-21 11:01:35: QProcess::ProcessState(NotRunning)
2018-12-21 11:01:35: 0 ("50011", "ch1", "D:/mp3654")
2018-12-21 11:01:35: QProcess::ProcessState(NotRunning)
2018-12-21 11:01:35: 0 ("50021", "ch2", "D:/mp3654")
2018-12-21 11:01:35: QProcess::ProcessState(NotRunning)
2018-12-21 11:01:35: 0 ("50031", "ch3", "D:/mp3654")
2018-12-21 11:01:35: QProcess::ProcessState(NotRunning)
2018-12-21 11:01:35: 0 ("50041", "ch4", "D:/mp3654")
2018-12-21 11:01:35: QProcess::ProcessState(NotRunning)
2018-12-21 11:01:35: 0 ("50051", "ch5", "D:/mp3654")
2018-12-21 11:01:35: QProcess::ProcessState(NotRunning)
2018-12-21 11:01:35: 0 ("50061", "ch6", "D:/mp3654")
2018-12-21 11:01:35: QProcess::ProcessState(NotRunning)
2018-12-21 11:01:35: 0 ("50071", "ch7", "D:/mp3654")
2018-12-21 11:01:35: QProcess::ProcessState(NotRunning)
2018-12-21 11:01:35: 0 ("50081", "ch8", "D:/mp3654")
2018-12-21 11:01:35: QProcess::ProcessState(NotRunning)
2018-12-21 11:01:35: 0 ("50091", "ch9", "D:/mp3654")
2018-12-21 11:01:35: QProcess::ProcessState(NotRunning)
2018-12-21 11:01:35: 0 ("50101", "ch10", "D:/mp3654")
2018-12-21 11:01:35: QProcess::ProcessState(NotRunning)
2018-12-21 11:01:35: 0 ("50111", "ch11", "D:/mp3654")
2018-12-21 11:01:35: QProcess::ProcessState(NotRunning)
2018-12-21 11:01:35: 0 ("50121", "ch12", "D:/mp3654")
2018-12-21 11:01:35: QProcess::ProcessState(NotRunning)
2018-12-21 11:01:35: 0 ("50131", "ch13", "D:/mp3654")
2018-12-21 11:01:35: QProcess::ProcessState(NotRunning)
2018-12-21 11:01:35: 0 ("50141", "ch14", "D:/mp3654")
2018-12-21 11:01:35: QProcess::ProcessState(NotRunning)
2018-12-21 11:01:35: 0 ("50151", "ch15", "D:/mp3654")
2018-12-21 11:01:35: QProcess::ProcessState(NotRunning)
2018-12-21 11:01:35: 0 ("50161", "ch16", "D:/mp3654")
2018-12-21 11:01:35: QProcess::ProcessState(NotRunning)
2018-12-21 11:01:35: 0 ("50171", "ch17", "D:/mp3654")
2018-12-21 11:01:35: QProcess::ProcessState(NotRunning)
2018-12-21 11:06:16: 2000 0
2018-12-21 11:06:16: 0 ("50001", "ch0", "D:/mp3654")
2018-12-21 11:06:16: QProcess::ProcessState(NotRunning)
2018-12-21 11:06:16: 0 ("50011", "ch1", "D:/mp3654")
2018-12-21 11:06:16: QProcess::ProcessState(NotRunning)
2018-12-21 11:06:16: 0 ("50021", "ch2", "D:/mp3654")
2018-12-21 11:06:16: QProcess::ProcessState(NotRunning)
2018-12-21 11:06:16: 0 ("50031", "ch3", "D:/mp3654")
2018-12-21 11:06:16: QProcess::ProcessState(NotRunning)
2018-12-21 11:06:16: 0 ("50041", "ch4", "D:/mp3654")
2018-12-21 11:06:16: QProcess::ProcessState(NotRunning)
2018-12-21 11:06:16: 0 ("50051", "ch5", "D:/mp3654")
2018-12-21 11:06:16: QProcess::ProcessState(NotRunning)
2018-12-21 11:06:16: 0 ("50061", "ch6", "D:/mp3654")
2018-12-21 11:06:17: QProcess::ProcessState(NotRunning)
2018-12-21 11:06:17: 0 ("50071", "ch7", "D:/mp3654")
2018-12-21 11:06:17: QProcess::ProcessState(NotRunning)
2018-12-21 11:06:17: 0 ("50081", "ch8", "D:/mp3654")
2018-12-21 11:06:17: QProcess::ProcessState(NotRunning)
2018-12-21 11:06:17: 0 ("50091", "ch9", "D:/mp3654")
2018-12-21 11:06:17: QProcess::ProcessState(NotRunning)
2018-12-21 11:06:17: 0 ("50101", "ch10", "D:/mp3654")
2018-12-21 11:06:17: QProcess::ProcessState(NotRunning)
2018-12-21 11:06:17: 0 ("50111", "ch11", "D:/mp3654")
2018-12-21 11:06:17: QProcess::ProcessState(NotRunning)
2018-12-21 11:06:17: 0 ("50121", "ch12", "D:/mp3654")
2018-12-21 11:06:17: QProcess::ProcessState(NotRunning)
2018-12-21 11:06:17: 0 ("50131", "ch13", "D:/mp3654")
2018-12-21 11:06:17: QProcess::ProcessState(NotRunning)
2018-12-21 11:06:17: 0 ("50141", "ch14", "D:/mp3654")
2018-12-21 11:06:17: QProcess::ProcessState(NotRunning)
2018-12-21 11:06:17: 0 ("50151", "ch15", "D:/mp3654")
2018-12-21 11:06:17: QProcess::ProcessState(NotRunning)
2018-12-21 11:06:17: 0 ("50161", "ch16", "D:/mp3654")
2018-12-21 11:06:17: QProcess::ProcessState(NotRunning)
2018-12-21 11:06:17: 0 ("50171", "ch17", "D:/mp3654")
2018-12-21 11:06:17: QProcess::ProcessState(NotRunning)
2018-12-21 14:55:08: 2000 0
2018-12-21 14:55:08: 0 ("50001", "ch000", "D:/mp3654")
2018-12-21 14:55:08: QProcess::ProcessState(NotRunning)
2018-12-21 14:55:08: 0 ("50011", "ch001", "D:/mp3654")
2018-12-21 14:55:09: QProcess::ProcessState(NotRunning)
2018-12-21 14:55:09: 0 ("50021", "ch002", "D:/mp3654")
2018-12-21 14:55:09: QProcess::ProcessState(NotRunning)
2018-12-21 14:55:09: 0 ("50031", "ch003", "D:/mp3654")
2018-12-21 14:55:09: QProcess::ProcessState(NotRunning)
2018-12-21 14:55:09: 0 ("50041", "ch004", "D:/mp3654")
2018-12-21 14:55:09: QProcess::ProcessState(NotRunning)
2018-12-21 14:55:09: 0 ("50051", "ch005", "D:/mp3654")
2018-12-21 14:55:09: QProcess::ProcessState(NotRunning)
2018-12-21 14:55:09: 0 ("50061", "ch006", "D:/mp3654")
2018-12-21 14:55:09: QProcess::ProcessState(NotRunning)
2018-12-21 14:55:09: 0 ("50071", "ch007", "D:/mp3654")
2018-12-21 14:55:09: QProcess::ProcessState(NotRunning)
2018-12-21 14:55:09: 0 ("50081", "ch008", "D:/mp3654")
2018-12-21 14:55:09: QProcess::ProcessState(NotRunning)
2018-12-21 14:55:09: 0 ("50091", "ch009", "D:/mp3654")
2018-12-21 14:55:09: QProcess::ProcessState(NotRunning)
2018-12-21 14:55:09: 0 ("50101", "ch010", "D:/mp3654")
2018-12-21 14:55:09: QProcess::ProcessState(NotRunning)
2018-12-21 14:55:09: 0 ("50111", "ch011", "D:/mp3654")
2018-12-21 14:55:09: QProcess::ProcessState(NotRunning)
2018-12-21 14:55:09: 0 ("50121", "ch012", "D:/mp3654")
2018-12-21 14:55:09: QProcess::ProcessState(NotRunning)
2018-12-21 14:55:09: 0 ("50131", "ch013", "D:/mp3654")
2018-12-21 14:55:09: QProcess::ProcessState(NotRunning)
2018-12-21 14:55:09: 0 ("50141", "ch014", "D:/mp3654")
2018-12-21 14:55:09: QProcess::ProcessState(NotRunning)
2018-12-21 14:55:09: 0 ("50151", "ch015", "D:/mp3654")
2018-12-21 14:55:09: QProcess::ProcessState(NotRunning)
2018-12-21 14:55:09: 0 ("50161", "ch016", "D:/mp3654")
2018-12-21 14:55:09: QProcess::ProcessState(NotRunning)
2018-12-21 14:55:09: 0 ("50171", "ch017", "D:/mp3654")
2018-12-21 14:55:09: QProcess::ProcessState(NotRunning)
2018-12-21 17:10:46: 2000 0
2018-12-21 17:10:46: 0 ("50001", "ch001卫星接收机-2", "D:/mp3654")
2018-12-21 17:10:46: QProcess::ProcessState(NotRunning)
2018-12-21 17:10:46: 0 ("50011", "ch002卫星接收机-3", "D:/mp3654")
2018-12-21 17:10:46: QProcess::ProcessState(NotRunning)
2018-12-21 17:10:46: 0 ("50021", "ch003卫星接收机-4", "D:/mp3654")
2018-12-21 17:10:46: QProcess::ProcessState(NotRunning)
2018-12-21 17:10:46: 0 ("50031", "ch004卫星接收机-5", "D:/mp3654")
2018-12-21 17:10:46: QProcess::ProcessState(NotRunning)
2018-12-21 17:10:46: 0 ("50041", "ch005卫星接收机-6", "D:/mp3654")
2018-12-21 17:10:46: QProcess::ProcessState(NotRunning)
2018-12-21 17:10:46: 0 ("50051", "ch006自动切换器-7", "D:/mp3654")
2018-12-21 17:10:46: QProcess::ProcessState(NotRunning)
2018-12-21 17:10:46: 0 ("50061", "ch007自动切换器-8", "D:/mp3654")
2018-12-21 17:10:46: QProcess::ProcessState(NotRunning)
2018-12-21 17:10:46: 0 ("50071", "ch008自动切换器-9", "D:/mp3654")
2018-12-21 17:10:46: QProcess::ProcessState(NotRunning)
2018-12-21 17:10:46: 0 ("50081", "ch009自动切换器-10", "D:/mp3654")
2018-12-21 17:10:46: QProcess::ProcessState(NotRunning)
2018-12-21 17:10:47: 0 ("50091", "ch010自动切换器-11", "D:/mp3654")
2018-12-21 17:10:47: QProcess::ProcessState(NotRunning)
2018-12-21 17:10:47: 0 ("50101", "ch011自动切换器-12", "D:/mp3654")
2018-12-21 17:10:47: QProcess::ProcessState(NotRunning)
2018-12-21 17:10:47: 0 ("50111", "ch012音频处理器-13", "D:/mp3654")
2018-12-21 17:10:47: QProcess::ProcessState(NotRunning)
2018-12-21 17:10:47: 0 ("50121", "ch013音频处理器-14", "D:/mp3654")
2018-12-21 17:10:47: QProcess::ProcessState(NotRunning)
2018-12-21 17:10:47: 0 ("50131", "ch014音频处理器-15", "D:/mp3654")
2018-12-21 17:10:47: QProcess::ProcessState(NotRunning)
2018-12-21 17:10:47: 0 ("50141", "ch015音频处理器-16", "D:/mp3654")
2018-12-21 17:10:47: QProcess::ProcessState(NotRunning)
2018-12-21 17:10:47: 0 ("50151", "ch016音频处理器-17", "D:/mp3654")
2018-12-21 17:10:47: QProcess::ProcessState(NotRunning)
2018-12-21 17:10:47: 0 ("50161", "ch017音频处理器-18", "D:/mp3654")
2018-12-21 17:10:47: QProcess::ProcessState(NotRunning)
2018-12-21 17:10:47: 0 ("50171", "ch0181", "D:/mp3654")
2018-12-21 17:10:47: QProcess::ProcessState(NotRunning)
2018-12-21 17:16:19: 2000 0
2018-12-21 17:16:19: "172.1.52.151:2001|卫星接收机-1|卫星接收机-2|卫星接收机-3|卫星接收机-4|卫星接收机-5|卫星接收机-6|自动切换器-7|自动切换器-8|自动切换器-9|自动切换器-10|自动切换器-11|自动切换器-12|音频处理器-13|音频处理器-14|音频处理器-15|音频处理器-16|音频处理器-17|音频处理器-18|\r\n"
2018-12-21 17:16:19: "172.1.52.152:2002|1|2|3|4|5|6|7|8|9|10|11|12|13|14|15|16|17|18|\r\n"
2018-12-21 17:16:19: "172.1.52.153:2003|1|2|3|4|5|6|7|8|9|10|11|12|13|14|15|16|17|18|"
2018-12-21 17:16:19: 0 ("50001", "ch001卫星接收机-1", "D:/mp3654")
2018-12-21 17:16:19: QProcess::ProcessState(NotRunning)
2018-12-21 17:16:19: 0 ("50011", "ch002卫星接收机-2", "D:/mp3654")
2018-12-21 17:16:19: QProcess::ProcessState(NotRunning)
2018-12-21 17:16:19: 0 ("50021", "ch003卫星接收机-3", "D:/mp3654")
2018-12-21 17:16:19: QProcess::ProcessState(NotRunning)
2018-12-21 17:16:19: 0 ("50031", "ch004卫星接收机-4", "D:/mp3654")
2018-12-21 17:16:19: QProcess::ProcessState(NotRunning)
2018-12-21 17:16:19: 0 ("50041", "ch005卫星接收机-5", "D:/mp3654")
2018-12-21 17:16:19: QProcess::ProcessState(NotRunning)
2018-12-21 17:16:19: 0 ("50051", "ch006卫星接收机-6", "D:/mp3654")
2018-12-21 17:16:19: QProcess::ProcessState(NotRunning)
2018-12-21 17:16:19: 0 ("50061", "ch007自动切换器-7", "D:/mp3654")
2018-12-21 17:16:19: QProcess::ProcessState(NotRunning)
2018-12-21 17:16:19: 0 ("50071", "ch008自动切换器-8", "D:/mp3654")
2018-12-21 17:16:19: QProcess::ProcessState(NotRunning)
2018-12-21 17:16:19: 0 ("50081", "ch009自动切换器-9", "D:/mp3654")
2018-12-21 17:16:19: QProcess::ProcessState(NotRunning)
2018-12-21 17:16:19: 0 ("50091", "ch010自动切换器-10", "D:/mp3654")
2018-12-21 17:16:19: QProcess::ProcessState(NotRunning)
2018-12-21 17:16:19: 0 ("50101", "ch011自动切换器-11", "D:/mp3654")
2018-12-21 17:16:19: QProcess::ProcessState(NotRunning)
2018-12-21 17:16:19: 0 ("50111", "ch012自动切换器-12", "D:/mp3654")
2018-12-21 17:16:19: QProcess::ProcessState(NotRunning)
2018-12-21 17:16:19: 0 ("50121", "ch013音频处理器-13", "D:/mp3654")
2018-12-21 17:16:19: QProcess::ProcessState(NotRunning)
2018-12-21 17:16:19: 0 ("50131", "ch014音频处理器-14", "D:/mp3654")
2018-12-21 17:16:19: QProcess::ProcessState(NotRunning)
2018-12-21 17:16:19: 0 ("50141", "ch015音频处理器-15", "D:/mp3654")
2018-12-21 17:16:19: QProcess::ProcessState(NotRunning)
2018-12-21 17:16:19: 0 ("50151", "ch016音频处理器-16", "D:/mp3654")
2018-12-21 17:16:19: QProcess::ProcessState(NotRunning)
2018-12-21 17:16:19: 0 ("50161", "ch017音频处理器-17", "D:/mp3654")
2018-12-21 17:16:19: QProcess::ProcessState(NotRunning)
2018-12-21 17:16:19: 0 ("50171", "ch018音频处理器-18", "D:/mp3654")
2018-12-21 17:16:19: QProcess::ProcessState(NotRunning)
