2019-02-11 14:59:18: 2000 0
2019-02-11 14:59:18: "172.1.52.151:2001|卫星接收机-1|卫星接收机-2|卫星接收机-3|卫星接收机-4|卫星接收机-5|卫星接收机-6|自动切换器-7|自动切换器-8|自动切换器-9|自动切换器-10|自动切换器-11|自动切换器-12|音频处理器-13|音频处理器-14|音频处理器-15|音频处理器-16|音频处理器-17|音频处理器-18|\r\n"
2019-02-11 14:59:18: "172.1.52.152:2002|1|2|3|4|5|6|7|8|9|10|11|12|13|14|15|16|17|18|\r\n"
2019-02-11 14:59:18: "172.1.52.153:2003|1|2|3|4|5|6|7|8|9|10|11|12|13|14|15|16|17|18|"
2019-02-11 14:59:18: 0 ("50001", "Y2gwMDHljavmmJ/mjqXmlLbmnLotMQ==", "D:/mp3654")
2019-02-11 14:59:18: QProcess::ProcessState(NotRunning)
2019-02-11 14:59:18: 0 ("50011", "Y2gwMDLljavmmJ/mjqXmlLbmnLotMg==", "D:/mp3654")
2019-02-11 14:59:18: QProcess::ProcessState(NotRunning)
2019-02-11 14:59:18: 0 ("50021", "Y2gwMDPljavmmJ/mjqXmlLbmnLotMw==", "D:/mp3654")
2019-02-11 14:59:18: QProcess::ProcessState(NotRunning)
2019-02-11 14:59:18: 0 ("50031", "Y2gwMDTljavmmJ/mjqXmlLbmnLotNA==", "D:/mp3654")
2019-02-11 14:59:18: QProcess::ProcessState(NotRunning)
2019-02-11 14:59:18: 0 ("50041", "Y2gwMDXljavmmJ/mjqXmlLbmnLotNQ==", "D:/mp3654")
2019-02-11 14:59:18: QProcess::ProcessState(NotRunning)
2019-02-11 14:59:18: 0 ("50051", "Y2gwMDbljavmmJ/mjqXmlLbmnLotNg==", "D:/mp3654")
2019-02-11 14:59:18: QProcess::ProcessState(NotRunning)
2019-02-11 14:59:18: 0 ("50061", "Y2gwMDfoh6rliqjliIfmjaLlmagtNw==", "D:/mp3654")
2019-02-11 14:59:18: QProcess::ProcessState(NotRunning)
2019-02-11 14:59:18: 0 ("50071", "Y2gwMDjoh6rliqjliIfmjaLlmagtOA==", "D:/mp3654")
2019-02-11 14:59:18: QProcess::ProcessState(NotRunning)
2019-02-11 14:59:18: 0 ("50081", "Y2gwMDnoh6rliqjliIfmjaLlmagtOQ==", "D:/mp3654")
2019-02-11 14:59:18: QProcess::ProcessState(NotRunning)
2019-02-11 14:59:18: 0 ("50091", "Y2gwMTDoh6rliqjliIfmjaLlmagtMTA=", "D:/mp3654")
2019-02-11 14:59:18: QProcess::ProcessState(NotRunning)
2019-02-11 14:59:18: 0 ("50101", "Y2gwMTHoh6rliqjliIfmjaLlmagtMTE=", "D:/mp3654")
2019-02-11 14:59:18: QProcess::ProcessState(NotRunning)
2019-02-11 14:59:18: 0 ("50111", "Y2gwMTLoh6rliqjliIfmjaLlmagtMTI=", "D:/mp3654")
2019-02-11 14:59:18: QProcess::ProcessState(NotRunning)
2019-02-11 14:59:18: 0 ("50121", "Y2gwMTPpn7PpopHlpITnkIblmagtMTM=", "D:/mp3654")
2019-02-11 14:59:18: QProcess::ProcessState(NotRunning)
2019-02-11 14:59:18: 0 ("50131", "Y2gwMTTpn7PpopHlpITnkIblmagtMTQ=", "D:/mp3654")
2019-02-11 14:59:18: QProcess::ProcessState(NotRunning)
2019-02-11 14:59:18: 0 ("50141", "Y2gwMTXpn7PpopHlpITnkIblmagtMTU=", "D:/mp3654")
2019-02-11 14:59:19: QProcess::ProcessState(NotRunning)
2019-02-11 14:59:19: 0 ("50151", "Y2gwMTbpn7PpopHlpITnkIblmagtMTY=", "D:/mp3654")
2019-02-11 14:59:19: QProcess::ProcessState(NotRunning)
2019-02-11 14:59:19: 0 ("50161", "Y2gwMTfpn7PpopHlpITnkIblmagtMTc=", "D:/mp3654")
2019-02-11 14:59:19: QProcess::ProcessState(NotRunning)
2019-02-11 14:59:19: 0 ("50171", "Y2gwMTjpn7PpopHlpITnkIblmagtMTg=", "D:/mp3654")
2019-02-11 14:59:19: QProcess::ProcessState(NotRunning)
